<?xml version="1.0" encoding="UTF-8"?>
<testng-results ignored="0" total="1" passed="1" failed="0" skipped="0">
  <reporter-output>
  </reporter-output>
  <suite started-at="2024-11-11T11:22:00 IST" name="Default suite" finished-at="2024-11-11T11:22:00 IST" duration-ms="117">
    <groups>
    </groups>
    <test started-at="2024-11-11T11:22:00 IST" name="Default test" finished-at="2024-11-11T11:22:00 IST" duration-ms="117">
      <class name="Practice.Sample1">
        <test-method signature="print()[pri:0, instance:Practice.Sample1@1ffaf86]" started-at="2024-11-11T11:22:00 IST" name="print" finished-at="2024-11-11T11:22:00 IST" duration-ms="22" status="PASS">
          <reporter-output>
          </reporter-output>
        </test-method> <!-- print -->
      </class> <!-- Practice.Sample1 -->
    </test> <!-- Default test -->
  </suite> <!-- Default suite -->
</testng-results>
